<?xml version="1.0" encoding="UTF-8"?>
<!-- Generated by org.testng.reporters.JUnitXMLReporter -->
<testsuite ignored="6" hostname="HGT-LAP-359" failures="0" tests="1" name="Default test" time="11.445" errors="0" timestamp="2024-01-09T11:55:17 IST">
  <testcase classname="testCase.loginTestcase" name="verifyLoginWithInvalidCredentials" time="4.37"/>
  <testcase classname="testCase.loginTestcase" name="verifyCreateDocument" time="0.0">
    <ignored/>
  </testcase> <!-- verifyCreateDocument -->
  <testcase classname="testCase.loginTestcase" name="verifyAddRecipient" time="0.0">
    <ignored/>
  </testcase> <!-- verifyAddRecipient -->
  <testcase classname="testCase.loginTestcase" name="multifiles" time="0.0">
    <ignored/>
  </testcase> <!-- multifiles -->
  <testcase classname="testCase.loginTestcase" name="mulRecipients" time="0.0">
    <ignored/>
  </testcase> <!-- mulRecipients -->
  <testcase classname="testCase.loginTestcase" name="drags" time="0.0">
    <ignored/>
  </testcase> <!-- drags -->
  <testcase classname="testCase.loginTestcase" name="verifyUploadFilePC" time="0.0">
    <ignored/>
  </testcase> <!-- verifyUploadFilePC -->
</testsuite> <!-- Default test -->
